[backblue.gif]
[fade.gif]
[index.html]
[aviatorpredict.com/index.html]
[aviatorpredict.com/favicon.ico]
[aviatorpredict.com/apple-touch-icon.png]
[aviatorpredict.com/es/index.html]
[aviatorpredict.com/favicon-32x32.png]
[aviatorpredict.com/favicon-16x16.png]
[aviatorpredict.com/site.webmanifest]
[aviatorpredict.com/fr/index.html]
[aviatorpredict.com/files/3.png]
[aviatorpredict.com/images/aviatorpredictor.jpg]
[aviatorpredict.com/de/index.html]
[aviatorpredict.com/pt/index.html]
[aviatorpredict.com/ko/index.html]
[aviatorpredict.com/az/index.html]
[aviatorpredict.com/files/1.png]
[aviatorpredict.com/files/4.png]
[aviatorpredict.com/uz/index.html]
[aviatorpredict.com/files/2.png]
[aviatorpredict.com/media/live/1win.png]
[aviatorpredict.com/media/live/casinozer.png]
[aviatorpredict.com/in/index.html]
[aviatorpredict.com/media/live/betano.png]
[aviatorpredict.com/media/live/1xbet.png]
[aviatorpredict.com/media/live/bitcasino.png]
[aviatorpredict.com/files/5.png]
[aviatorpredict.com/assets/js/scripts.js]
[aviatorpredict.com/bn/index.html]
[aviatorpredict.com/tr/index.html]
[aviatorpredict.com/safari-pinned-tab.svg]
[aviatorpredict.com/fonts/S6uyw4BMUTPHjxAwXiWtFCfQ7A.woff2]
[aviatorpredict.com/fonts/S6uyw4BMUTPHjx4wXiWtFCc.woff2]
[aviatorpredict.com/fonts/S6u9w4BMUTPHh6UVSwaPGQ3q5d0N7w.woff2]
[aviatorpredict.com/fonts/S6u9w4BMUTPHh6UVSwiPGQ3q5d0.woff2]
[aviatorpredict.com/fonts/S6u9w4BMUTPHh50XSwaPGQ3q5d0N7w.woff2]
[aviatorpredict.com/fonts/S6u9w4BMUTPHh50XSwiPGQ3q5d0.woff2]
[aviatorpredict.com/assets/img/raster-icons/other-games.png]
[aviatorpredict.com/assets/img/raster-icons/mobile.png]
[aviatorpredict.com/assets/img/raster-icons/live.png]
[aviatorpredict.com/assets/img/raster-icons/star-rating.png]
[aviatorpredict.com/assets/img/raster-icons/rating-star-tablet-grey.png]
[aviatorpredict.com/assets/img/raster-icons/rating-star-tablet.png]
[aviatorpredict.com/css/css/styles.css]
[www.googletagmanager.com/gtm5445.html]
[aviatorpredict.com/images/aviator-predictor.jpg]
[aviatorpredict.com/docs/assets/plugins/bootstrap/css/bootstrap.min.css]
[aviatorpredict.com/docs/assets/fontawesome/js/all.js]
[aviatorpredict.com/docs/assets/plugins/elegant_font/css/style.css]
[aviatorpredict.com/docs/assets/css/styles.css]
[buttons.github.io/buttons.js]
[aviatorpredict.com/docs/start.html]
[aviatorpredict.com/docs/gains.html]
[aviatorpredict.com/docs/faqs.html]
[aviatorpredict.com/cdn-cgi/l/email-protection.html]
[aviatorpredict.com/cdn-cgi/scripts/5c5dd728/cloudflare-static/email-decode.min.js]
[aviatorpredict.com/docs/assets/plugins/jquery-3.4.1.min.js]
[aviatorpredict.com/docs/assets/plugins/bootstrap/js/bootstrap.min.js]
[aviatorpredict.com/docs/assets/plugins/stickyfill/dist/stickyfill.min.js]
[aviatorpredict.com/docs/index.html]
[aviatorpredict.com/docs/assets/js/main.js]
[aviatorpredict.com/steps/css/styles.css]
[code.jquery.com/jquery-3.7.0.min.js]
[cdn.jsdelivr.net/npm/bootstrap@4.6.2/dist/js/bootstrap.min.js]
[aviatorpredict.com/files/1win1.jpg]
[aviatorpredict.com/files/y.png]
[aviatorpredict.com/demo/index.html]
[aviatorpredict.com/assets/img/flags/es.svg]
[aviatorpredict.com/assets/img/flags/fr.svg]
[aviatorpredict.com/assets/img/flags/tr.svg]
[aviatorpredict.com/assets/img/flags/de.svg]
[aviatorpredict.com/assets/img/flags/pt.svg]
[aviatorpredict.com/assets/img/flags/ko.svg]
[aviatorpredict.com/assets/img/flags/az.svg]
[aviatorpredict.com/assets/img/flags/uz.svg]
[aviatorpredict.com/assets/img/flags/in.svg]
[aviatorpredict.com/assets/img/flags/bn.svg]
[aviatorpredict.com/assets/img/flags/uk.svg]
[aviatorpredict.com/bal/index.html]
[aviatorpredict.com/aviator-predictor-apk.html]
[aviatorpredict.com/images/preview.png]
[aviatorpredict.com/files/css2]
[aviatorpredict.com/images/tap-apps.jpg]
[aviatorpredict.com/images/special-access.jpg]
[aviatorpredict.com/images/install-unknown-apps.jpg]
[aviatorpredict.com/images/allow-apk-installation.jpg]
[aviatorpredict.com/files/111.png]
[aviatorpredict.com/media/about_1.png]
[aviatorpredict.com/assets/css/styles.css]
[aviatorpredict.com/media/about_2.png]
[aviatorpredict.com/files/step1.png]
[aviatorpredict.com/media/howto.png]
[aviatorpredict.com/unitech.html]
[aviatorpredict.com/assets/img/icons.svg]
[aviatorpredict.com/bales/index.html]
[aviatorpredict.com/balfr/index.html]
[aviatorpredict.com/balde/index.html]
[aviatorpredict.com/balpt/index.html]
[aviatorpredict.com/balko/index.html]
[aviatorpredict.com/balaz/index.html]
[aviatorpredict.com/baluz/index.html]
[aviatorpredict.com/balin/index.html]
[aviatorpredict.com/balbn/index.html]
[aviatorpredict.com/baltr/index.html]
[aviatorpredict.com/docs/assets/plugins/bootstrap/css/bootstrap.min.css]
[aviatorpredict.com/docs/assets/plugins/elegant_font/css/fonts/ElegantIcons.eot]
[aviatorpredict.com/docs/assets/plugins/elegant_font/css/fonts/ElegantIconsd41d.eot]
[aviatorpredict.com/docs/assets/plugins/elegant_font/css/fonts/ElegantIcons.woff]
[aviatorpredict.com/docs/assets/plugins/elegant_font/css/fonts/ElegantIcons.ttf]
[aviatorpredict.com/docs/assets/plugins/elegant_font/css/fonts/ElegantIcons.svg]
[aviatorpredict.com/docs/assets/plugins/elegant_font/css/style.css]
[aviatorpredict.com/docs/assets/css/styles.css]
[aviatorpredict.com/docs/assets/plugins/prism/prism.css]
[aviatorpredict.com/docs/assets/plugins/prism/prism.js]
[aviatorpredict.com/docs/start.html]
[aviatorpredict.com/docs/assets/plugins/jquery-scrollTo/jquery.scrollTo.min.js]
[aviatorpredict.com/docs/assets/plugins/lightbox/dist/ekko-lightbox.css]
[aviatorpredict.com/images/6.png]
[aviatorpredict.com/images/5.png]
[aviatorpredict.com/images/4.png]
[aviatorpredict.com/images/3.png]
[aviatorpredict.com/images/1.png]
[aviatorpredict.com/images/2.png]
[aviatorpredict.com/images/1win.png]
[aviatorpredict.com/images/bitcasino.png]
[aviatorpredict.com/images/1xbet.png]
[aviatorpredict.com/images/betano.png]
[aviatorpredict.com/images/casinozer.png]
[aviatorpredict.com/docs/gains.html]
[aviatorpredict.com/docs/faqs.html]
[aviatorpredict.com/cdn-cgi/l/email-protection.html]
[cdn.jsdelivr.net/npm/bootstrap@4.6.2/dist/css/bootstrap.min.css]
[aviatorpredict.com/steps/css/styles.css]
[aviatorpredict.com/st0/index.html]
[aviatorpredict.com/files/styles.css]
[aviatorpredict.com/files/grid.css]
[aviatorpredict.com/unitech/index.html]
[aviatorpredict.com/assets/css/styles.css]
[aviatorpredict.com/docs/assets/plugins/elegant_font/css/fonts/ElegantIcons.html]
[aviatorpredict.com/docs/assets/plugins/elegant_font/css/fonts/ElegantIconsd41d.html]
[aviatorpredict.com/docs/assets/plugins/elegant_font/css/fonts/ElegantIcons-2.html]
[aviatorpredict.com/docs/assets/plugins/elegant_font/css/fonts/ElegantIcons-3.html]
[aviatorpredict.com/docs/assets/plugins/prism/prism.css]
[aviatorpredict.com/docs/assets/plugins/lightbox/dist/ekko-lightbox.css]
[aviatorpredict.com/docs/assets/plugins/lightbox/dist/ekko-lightbox.min.js]
