[aviatorpredict.com/index.html]
[backblue.gif]
[fade.gif]
[index.html]
[aviatorpredict.com/favicon.ico]
[aviatorpredict.com/es/index.html]
[aviatorpredict.com/de/index.html]
[aviatorpredict.com/apple-touch-icon.png]
[aviatorpredict.com/fr/index.html]
[aviatorpredict.com/favicon-32x32.png]
[aviatorpredict.com/pt/index.html]
[aviatorpredict.com/favicon-16x16.png]
[aviatorpredict.com/site.webmanifest]
[aviatorpredict.com/ko/index.html]
[aviatorpredict.com/safari-pinned-tab.svg]
[aviatorpredict.com/files/3.png]
[aviatorpredict.com/az/index.html]
[aviatorpredict.com/images/aviatorpredictor.jpg]
[aviatorpredict.com/css/css/styles.css]
[aviatorpredict.com/uz/index.html]
[aviatorpredict.com/in/index.html]
[aviatorpredict.com/assets/img/flags/es.svg]
[aviatorpredict.com/assets/img/flags/fr.svg]
[aviatorpredict.com/bn/index.html]
[aviatorpredict.com/assets/img/flags/tr.svg]
[aviatorpredict.com/assets/img/flags/de.svg]
[aviatorpredict.com/assets/img/flags/pt.svg]
[aviatorpredict.com/assets/img/flags/ko.svg]
[aviatorpredict.com/assets/img/flags/az.svg]
[aviatorpredict.com/tr/index.html]
[aviatorpredict.com/assets/img/flags/uz.svg]
[aviatorpredict.com/assets/img/flags/in.svg]
[aviatorpredict.com/assets/img/flags/bn.svg]
[aviatorpredict.com/assets/img/flags/uk.svg]
[aviatorpredict.com/docs/index.html]
[aviatorpredict.com/files/1.png]
[aviatorpredict.com/demo/index.html]
[aviatorpredict.com/aviator-predictor-apk.html]
[aviatorpredict.com/files/4.png]
[aviatorpredict.com/files/2.png]
[aviatorpredict.com/unitech.html]
[aviatorpredict.com/media/live/1win.png]
[aviatorpredict.com/media/live/casinozer.png]
[aviatorpredict.com/media/live/betano.png]
[aviatorpredict.com/media/live/1xbet.png]
[aviatorpredict.com/media/live/bitcasino.png]
[aviatorpredict.com/files/5.png]
[aviatorpredict.com/assets/img/icons.svg]
[aviatorpredict.com/index.html]
[aviatorpredict.com/es/index.html]
[aviatorpredict.com/fr/index.html]
[aviatorpredict.com/de/index.html]
[aviatorpredict.com/assets/js/scripts.js]
[aviatorpredict.com/pt/index.html]
[aviatorpredict.com/ko/index.html]
[aviatorpredict.com/az/index.html]
[aviatorpredict.com/uz/index.html]
[aviatorpredict.com/in/index.html]
[aviatorpredict.com/bn/index.html]
[aviatorpredict.com/tr/index.html]
[aviatorpredict.com/safari-pinned-tab.svg]
[aviatorpredict.com/css/css/styles.css]
[www.googletagmanager.com/gtm5445.html]
[aviatorpredict.com/docs/index.html]
[aviatorpredict.com/fonts/S6uyw4BMUTPHjxAwXiWtFCfQ7A.woff2]
[aviatorpredict.com/demo/index.html]
[aviatorpredict.com/assets/img/flags/es.svg]
[aviatorpredict.com/assets/img/flags/fr.svg]
[aviatorpredict.com/assets/img/flags/tr.svg]
[aviatorpredict.com/assets/img/flags/de.svg]
[aviatorpredict.com/assets/img/flags/pt.svg]
[aviatorpredict.com/assets/img/flags/ko.svg]
[aviatorpredict.com/assets/img/flags/az.svg]
[aviatorpredict.com/assets/img/flags/uz.svg]
[aviatorpredict.com/assets/img/flags/in.svg]
[aviatorpredict.com/assets/img/flags/bn.svg]
[aviatorpredict.com/assets/img/flags/uk.svg]
[aviatorpredict.com/bal/index.html]
[aviatorpredict.com/images/aviator-predictor.jpg]
[cdn.jsdelivr.net/npm/bootstrap@4.6.2/dist/css/bootstrap.min.css]
[aviatorpredict.com/st0/index.html]
[aviatorpredict.com/images/preview.png]
[aviatorpredict.com/files/css2]
[aviatorpredict.com/files/styles.css]
[aviatorpredict.com/files/grid.css]
[aviatorpredict.com/images/tap-apps.jpg]
[aviatorpredict.com/images/special-access.jpg]
[aviatorpredict.com/images/install-unknown-apps.jpg]
[aviatorpredict.com/images/allow-apk-installation.jpg]
[aviatorpredict.com/aviator-predictor-apk.html]
[aviatorpredict.com/unitech/index.html]
[aviatorpredict.com/files/111.png]
[aviatorpredict.com/media/about_1.html]
[aviatorpredict.com/unitech.html]
[aviatorpredict.com/assets/img/icons.svg]
[aviatorpredict.com/bales/index.html]
[aviatorpredict.com/balfr/index.html]
[aviatorpredict.com/balde/index.html]
[aviatorpredict.com/balpt/index.html]
[aviatorpredict.com/balaz/index.html]
[aviatorpredict.com/balin/index.html]
[aviatorpredict.com/baltr/index.html]
[cdn.jsdelivr.net/npm/bootstrap@4.6.2/dist/css/bootstrap.min.css]
[aviatorpredict.com/st0/index.html]
[aviatorpredict.com/files/styles.css]
[aviatorpredict.com/files/grid.css]
[aviatorpredict.com/unitech/index.html]
